<?xml version="1.0" encoding="UTF-8"?>
<!-- Generated by org.testng.reporters.JUnitXMLReporter -->
<testsuite ignored="0" hostname="DESKTOP-6QOO14N" failures="0" tests="23" name="crmproTest" time="183.878" errors="0" timestamp="2023-01-03T00:07:32 IST">
  <testcase classname="tasecases.contactsPageTest" name="@BeforeMethod setUp" time="31.222">
    <failure type="org.openqa.selenium.TimeoutException" message="timeout: Timed out receiving message from renderer: 20.000
  (Session info: chrome=108.0.5359.125)
Build info: version: &amp;apos;4.6.0&amp;apos;, revision: &amp;apos;79f1c02ae20&amp;apos;
System info: os.name: &amp;apos;Windows 10&amp;apos;, os.arch: &amp;apos;amd64&amp;apos;, os.version: &amp;apos;10.0&amp;apos;, java.version: &amp;apos;18.0.1.1&amp;apos;
Driver info: org.openqa.selenium.chrome.ChromeDriver
Command: [4fa4e30fab608088124d2fbdaa06a70f, clickElement {id=c346372d-150a-45f3-81e6-18757c93fff1}]
Capabilities {acceptInsecureCerts: false, browserName: chrome, browserVersion: 108.0.5359.125, chrome: {chromedriverVersion: 108.0.5359.71 (1e0e3868ee06..., userDataDir: C:\Users\user\AppData\Local...}, goog:chromeOptions: {debuggerAddress: localhost:50382}, networkConnectionEnabled: false, pageLoadStrategy: normal, platformName: WINDOWS, proxy: Proxy(), se:cdp: ws://localhost:50382/devtoo..., se:cdpVersion: 108.0.5359.125, setWindowRect: true, strictFileInteractability: false, timeouts: {implicit: 0, pageLoad: 300000, script: 30000}, unhandledPromptBehavior: dismiss and notify, webauthn:extension:credBlob: true, webauthn:extension:largeBlob: true, webauthn:virtualAuthenticators: true}
Element: [[ChromeDriver: chrome on WINDOWS (4fa4e30fab608088124d2fbdaa06a70f)] -&amp;gt; xpath: //input[@type=&amp;apos;submit&amp;apos;]]
Session ID: 4fa4e30fab608088124d2fbdaa06a70f">
      <![CDATA[org.openqa.selenium.TimeoutException: timeout: Timed out receiving message from renderer: 20.000
  (Session info: chrome=108.0.5359.125)
Build info: version: '4.6.0', revision: '79f1c02ae20'
System info: os.name: 'Windows 10', os.arch: 'amd64', os.version: '10.0', java.version: '18.0.1.1'
Driver info: org.openqa.selenium.chrome.ChromeDriver
Command: [4fa4e30fab608088124d2fbdaa06a70f, clickElement {id=c346372d-150a-45f3-81e6-18757c93fff1}]
Capabilities {acceptInsecureCerts: false, browserName: chrome, browserVersion: 108.0.5359.125, chrome: {chromedriverVersion: 108.0.5359.71 (1e0e3868ee06..., userDataDir: C:\Users\user\AppData\Local...}, goog:chromeOptions: {debuggerAddress: localhost:50382}, networkConnectionEnabled: false, pageLoadStrategy: normal, platformName: WINDOWS, proxy: Proxy(), se:cdp: ws://localhost:50382/devtoo..., se:cdpVersion: 108.0.5359.125, setWindowRect: true, strictFileInteractability: false, timeouts: {implicit: 0, pageLoad: 300000, script: 30000}, unhandledPromptBehavior: dismiss and notify, webauthn:extension:credBlob: true, webauthn:extension:largeBlob: true, webauthn:virtualAuthenticators: true}
Element: [[ChromeDriver: chrome on WINDOWS (4fa4e30fab608088124d2fbdaa06a70f)] -> xpath: //input[@type='submit']]
Session ID: 4fa4e30fab608088124d2fbdaa06a70f
at org.openqa.selenium.remote.codec.w3c.W3CHttpResponseCodec.createException(W3CHttpResponseCodec.java:200)
at org.openqa.selenium.remote.codec.w3c.W3CHttpResponseCodec.decode(W3CHttpResponseCodec.java:133)
at org.openqa.selenium.remote.codec.w3c.W3CHttpResponseCodec.decode(W3CHttpResponseCodec.java:53)
at org.openqa.selenium.remote.HttpCommandExecutor.execute(HttpCommandExecutor.java:184)
at org.openqa.selenium.remote.service.DriverCommandExecutor.invokeExecute(DriverCommandExecutor.java:167)
at org.openqa.selenium.remote.service.DriverCommandExecutor.execute(DriverCommandExecutor.java:142)
at org.openqa.selenium.remote.RemoteWebDriver.execute(RemoteWebDriver.java:541)
at org.openqa.selenium.remote.RemoteWebElement.execute(RemoteWebElement.java:257)
at org.openqa.selenium.remote.RemoteWebElement.click(RemoteWebElement.java:78)
at org.openqa.selenium.support.pagefactory.internal.LocatingElementHandler.invoke(LocatingElementHandler.java:52)
at jdk.proxy2/jdk.proxy2.$Proxy18.click(Unknown Source)
at crm.pages.LoginPage.login(LoginPage.java:42)
at tasecases.contactsPageTest.setUp(contactsPageTest.java:37)
at java.base/java.util.ArrayList.forEach(ArrayList.java:1511)
... Removed 34 stack frames]]>
    </failure>
  </testcase> <!-- @BeforeMethod setUp -->
  <testcase classname="tasecases.contactsPageTest" name="@AfterMethod logOut" time="-1.672684533769E9">
    <skipped/>
  </testcase> <!-- @AfterMethod logOut -->
  <testcase classname="tasecases.contactsPageTest" name="@BeforeMethod setUp" time="-1.672684533772E9">
    <skipped/>
  </testcase> <!-- @BeforeMethod setUp -->
  <testcase classname="tasecases.contactsPageTest" name="@AfterMethod logOut" time="-1.672684533779E9">
    <skipped/>
  </testcase> <!-- @AfterMethod logOut -->
  <testcase classname="tasecases.contactsPageTest" name="@BeforeMethod setUp" time="-1.672684533781E9">
    <skipped/>
  </testcase> <!-- @BeforeMethod setUp -->
  <testcase classname="tasecases.contactsPageTest" name="@AfterMethod logOut" time="-1.672684533788E9">
    <skipped/>
  </testcase> <!-- @AfterMethod logOut -->
  <testcase classname="tasecases.contactsPageTest" name="@BeforeMethod setUp" time="-1.672684534284E9">
    <skipped/>
  </testcase> <!-- @BeforeMethod setUp -->
  <testcase classname="tasecases.contactsPageTest" name="@AfterMethod logOut" time="-1.672684534293E9">
    <skipped/>
  </testcase> <!-- @AfterMethod logOut -->
  <testcase classname="tasecases.contactsPageTest" name="@BeforeMethod setUp" time="-1.672684534294E9">
    <skipped/>
  </testcase> <!-- @BeforeMethod setUp -->
  <testcase classname="tasecases.contactsPageTest" name="@AfterMethod logOut" time="-1.672684534299E9">
    <skipped/>
  </testcase> <!-- @AfterMethod logOut -->
  <testcase classname="tasecases.contactsPageTest" name="@BeforeMethod setUp" time="-1.6726845343E9">
    <skipped/>
  </testcase> <!-- @BeforeMethod setUp -->
  <testcase classname="tasecases.contactsPageTest" name="@AfterMethod logOut" time="-1.672684534303E9">
    <skipped/>
  </testcase> <!-- @AfterMethod logOut -->
  <testcase classname="tasecases.contactsPageTest" name="@BeforeMethod setUp" time="-1.672684534304E9">
    <skipped/>
  </testcase> <!-- @BeforeMethod setUp -->
  <testcase classname="tasecases.contactsPageTest" name="@AfterMethod logOut" time="-1.672684534308E9">
    <skipped/>
  </testcase> <!-- @AfterMethod logOut -->
  <testcase classname="tasecases.contactsPageTest" name="@AfterClass tearDown" time="-1.672684534309E9">
    <skipped/>
  </testcase> <!-- @AfterClass tearDown -->
  <testcase classname="tasecases.loginPageTest" name="@BeforeMethod setUp" time="22.548">
    <failure type="org.openqa.selenium.TimeoutException" message="timeout: Timed out receiving message from renderer: 11.290
  (Session info: chrome=108.0.5359.125)
Build info: version: &amp;apos;4.6.0&amp;apos;, revision: &amp;apos;79f1c02ae20&amp;apos;
System info: os.name: &amp;apos;Windows 10&amp;apos;, os.arch: &amp;apos;amd64&amp;apos;, os.version: &amp;apos;10.0&amp;apos;, java.version: &amp;apos;18.0.1.1&amp;apos;
Driver info: org.openqa.selenium.chrome.ChromeDriver
Command: [679635466d494abb32d41fb328ef6e62, get {url=https://classic.crmpro.com/index.html}]
Capabilities {acceptInsecureCerts: false, browserName: chrome, browserVersion: 108.0.5359.125, chrome: {chromedriverVersion: 108.0.5359.71 (1e0e3868ee06..., userDataDir: C:\Users\user\AppData\Local...}, goog:chromeOptions: {debuggerAddress: localhost:50457}, networkConnectionEnabled: false, pageLoadStrategy: normal, platformName: WINDOWS, proxy: Proxy(), se:cdp: ws://localhost:50457/devtoo..., se:cdpVersion: 108.0.5359.125, setWindowRect: true, strictFileInteractability: false, timeouts: {implicit: 0, pageLoad: 300000, script: 30000}, unhandledPromptBehavior: dismiss and notify, webauthn:extension:credBlob: true, webauthn:extension:largeBlob: true, webauthn:virtualAuthenticators: true}
Session ID: 679635466d494abb32d41fb328ef6e62">
      <![CDATA[org.openqa.selenium.TimeoutException: timeout: Timed out receiving message from renderer: 11.290
  (Session info: chrome=108.0.5359.125)
Build info: version: '4.6.0', revision: '79f1c02ae20'
System info: os.name: 'Windows 10', os.arch: 'amd64', os.version: '10.0', java.version: '18.0.1.1'
Driver info: org.openqa.selenium.chrome.ChromeDriver
Command: [679635466d494abb32d41fb328ef6e62, get {url=https://classic.crmpro.com/index.html}]
Capabilities {acceptInsecureCerts: false, browserName: chrome, browserVersion: 108.0.5359.125, chrome: {chromedriverVersion: 108.0.5359.71 (1e0e3868ee06..., userDataDir: C:\Users\user\AppData\Local...}, goog:chromeOptions: {debuggerAddress: localhost:50457}, networkConnectionEnabled: false, pageLoadStrategy: normal, platformName: WINDOWS, proxy: Proxy(), se:cdp: ws://localhost:50457/devtoo..., se:cdpVersion: 108.0.5359.125, setWindowRect: true, strictFileInteractability: false, timeouts: {implicit: 0, pageLoad: 300000, script: 30000}, unhandledPromptBehavior: dismiss and notify, webauthn:extension:credBlob: true, webauthn:extension:largeBlob: true, webauthn:virtualAuthenticators: true}
Session ID: 679635466d494abb32d41fb328ef6e62
at org.openqa.selenium.remote.codec.w3c.W3CHttpResponseCodec.createException(W3CHttpResponseCodec.java:200)
at org.openqa.selenium.remote.codec.w3c.W3CHttpResponseCodec.decode(W3CHttpResponseCodec.java:133)
at org.openqa.selenium.remote.codec.w3c.W3CHttpResponseCodec.decode(W3CHttpResponseCodec.java:53)
at org.openqa.selenium.remote.HttpCommandExecutor.execute(HttpCommandExecutor.java:184)
at org.openqa.selenium.remote.service.DriverCommandExecutor.invokeExecute(DriverCommandExecutor.java:167)
at org.openqa.selenium.remote.service.DriverCommandExecutor.execute(DriverCommandExecutor.java:142)
at org.openqa.selenium.remote.RemoteWebDriver.execute(RemoteWebDriver.java:541)
at org.openqa.selenium.remote.RemoteWebDriver.get(RemoteWebDriver.java:310)
at crm.base.baseClass.browserInitialization(baseClass.java:62)
at tasecases.loginPageTest.setUp(loginPageTest.java:40)
at java.base/java.util.ArrayList.forEach(ArrayList.java:1511)
... Removed 32 stack frames]]>
    </failure>
  </testcase> <!-- @BeforeMethod setUp -->
  <testcase classname="tasecases.loginPageTest" name="@AfterMethod logOut" time="-1.672684556862E9">
    <skipped/>
  </testcase> <!-- @AfterMethod logOut -->
  <testcase classname="tasecases.loginPageTest" name="@BeforeMethod setUp" time="-1.672684556863E9">
    <skipped/>
  </testcase> <!-- @BeforeMethod setUp -->
  <testcase classname="tasecases.loginPageTest" name="@AfterMethod logOut" time="-1.672684556868E9">
    <skipped/>
  </testcase> <!-- @AfterMethod logOut -->
  <testcase classname="tasecases.loginPageTest" name="@BeforeMethod setUp" time="-1.67268455687E9">
    <skipped/>
  </testcase> <!-- @BeforeMethod setUp -->
  <testcase classname="tasecases.loginPageTest" name="@AfterMethod logOut" time="-1.672684556876E9">
    <skipped/>
  </testcase> <!-- @AfterMethod logOut -->
  <testcase classname="tasecases.loginPageTest" name="@AfterClass tearDown" time="-1.672684556878E9">
    <skipped/>
  </testcase> <!-- @AfterClass tearDown -->
  <testcase classname="tasecases.calenderPageTest" name="@BeforeMethod setUP" time="22.993">
    <failure type="org.openqa.selenium.TimeoutException" message="timeout: Timed out receiving message from renderer: 3.923
  (Session info: chrome=108.0.5359.125)
Build info: version: &amp;apos;4.6.0&amp;apos;, revision: &amp;apos;79f1c02ae20&amp;apos;
System info: os.name: &amp;apos;Windows 10&amp;apos;, os.arch: &amp;apos;amd64&amp;apos;, os.version: &amp;apos;10.0&amp;apos;, java.version: &amp;apos;18.0.1.1&amp;apos;
Driver info: org.openqa.selenium.chrome.ChromeDriver
Command: [222df7d0efe7526c5a75eac11fcfbe26, get {url=https://classic.crmpro.com/index.html}]
Capabilities {acceptInsecureCerts: false, browserName: chrome, browserVersion: 108.0.5359.125, chrome: {chromedriverVersion: 108.0.5359.71 (1e0e3868ee06..., userDataDir: C:\Users\user\AppData\Local...}, goog:chromeOptions: {debuggerAddress: localhost:50506}, networkConnectionEnabled: false, pageLoadStrategy: normal, platformName: WINDOWS, proxy: Proxy(), se:cdp: ws://localhost:50506/devtoo..., se:cdpVersion: 108.0.5359.125, setWindowRect: true, strictFileInteractability: false, timeouts: {implicit: 0, pageLoad: 300000, script: 30000}, unhandledPromptBehavior: dismiss and notify, webauthn:extension:credBlob: true, webauthn:extension:largeBlob: true, webauthn:virtualAuthenticators: true}
Session ID: 222df7d0efe7526c5a75eac11fcfbe26">
      <![CDATA[org.openqa.selenium.TimeoutException: timeout: Timed out receiving message from renderer: 3.923
  (Session info: chrome=108.0.5359.125)
Build info: version: '4.6.0', revision: '79f1c02ae20'
System info: os.name: 'Windows 10', os.arch: 'amd64', os.version: '10.0', java.version: '18.0.1.1'
Driver info: org.openqa.selenium.chrome.ChromeDriver
Command: [222df7d0efe7526c5a75eac11fcfbe26, get {url=https://classic.crmpro.com/index.html}]
Capabilities {acceptInsecureCerts: false, browserName: chrome, browserVersion: 108.0.5359.125, chrome: {chromedriverVersion: 108.0.5359.71 (1e0e3868ee06..., userDataDir: C:\Users\user\AppData\Local...}, goog:chromeOptions: {debuggerAddress: localhost:50506}, networkConnectionEnabled: false, pageLoadStrategy: normal, platformName: WINDOWS, proxy: Proxy(), se:cdp: ws://localhost:50506/devtoo..., se:cdpVersion: 108.0.5359.125, setWindowRect: true, strictFileInteractability: false, timeouts: {implicit: 0, pageLoad: 300000, script: 30000}, unhandledPromptBehavior: dismiss and notify, webauthn:extension:credBlob: true, webauthn:extension:largeBlob: true, webauthn:virtualAuthenticators: true}
Session ID: 222df7d0efe7526c5a75eac11fcfbe26
at org.openqa.selenium.remote.codec.w3c.W3CHttpResponseCodec.createException(W3CHttpResponseCodec.java:200)
at org.openqa.selenium.remote.codec.w3c.W3CHttpResponseCodec.decode(W3CHttpResponseCodec.java:133)
at org.openqa.selenium.remote.codec.w3c.W3CHttpResponseCodec.decode(W3CHttpResponseCodec.java:53)
at org.openqa.selenium.remote.HttpCommandExecutor.execute(HttpCommandExecutor.java:184)
at org.openqa.selenium.remote.service.DriverCommandExecutor.invokeExecute(DriverCommandExecutor.java:167)
at org.openqa.selenium.remote.service.DriverCommandExecutor.execute(DriverCommandExecutor.java:142)
at org.openqa.selenium.remote.RemoteWebDriver.execute(RemoteWebDriver.java:541)
at org.openqa.selenium.remote.RemoteWebDriver.get(RemoteWebDriver.java:310)
at crm.base.baseClass.browserInitialization(baseClass.java:62)
at tasecases.calenderPageTest.setUP(calenderPageTest.java:25)
at java.base/java.util.ArrayList.forEach(ArrayList.java:1511)
... Removed 32 stack frames]]>
    </failure>
  </testcase> <!-- @BeforeMethod setUP -->
  <testcase classname="tasecases.calenderPageTest" name="@AfterMethod tearDown" time="-1.672684579875E9">
    <skipped/>
  </testcase> <!-- @AfterMethod tearDown -->
  <testcase classname="tasecases.homePageTest" name="@BeforeMethod setUp" time="24.221">
    <failure type="org.openqa.selenium.TimeoutException" message="timeout: Timed out receiving message from renderer: -0.001
  (Session info: chrome=108.0.5359.125)
Build info: version: &amp;apos;4.6.0&amp;apos;, revision: &amp;apos;79f1c02ae20&amp;apos;
System info: os.name: &amp;apos;Windows 10&amp;apos;, os.arch: &amp;apos;amd64&amp;apos;, os.version: &amp;apos;10.0&amp;apos;, java.version: &amp;apos;18.0.1.1&amp;apos;
Driver info: org.openqa.selenium.chrome.ChromeDriver
Command: [0dbc7d7aceca7fcafc6354585b5f19bc, get {url=https://classic.crmpro.com/index.html}]
Capabilities {acceptInsecureCerts: false, browserName: chrome, browserVersion: 108.0.5359.125, chrome: {chromedriverVersion: 108.0.5359.71 (1e0e3868ee06..., userDataDir: C:\Users\user\AppData\Local...}, goog:chromeOptions: {debuggerAddress: localhost:50555}, networkConnectionEnabled: false, pageLoadStrategy: normal, platformName: WINDOWS, proxy: Proxy(), se:cdp: ws://localhost:50555/devtoo..., se:cdpVersion: 108.0.5359.125, setWindowRect: true, strictFileInteractability: false, timeouts: {implicit: 0, pageLoad: 300000, script: 30000}, unhandledPromptBehavior: dismiss and notify, webauthn:extension:credBlob: true, webauthn:extension:largeBlob: true, webauthn:virtualAuthenticators: true}
Session ID: 0dbc7d7aceca7fcafc6354585b5f19bc">
      <![CDATA[org.openqa.selenium.TimeoutException: timeout: Timed out receiving message from renderer: -0.001
  (Session info: chrome=108.0.5359.125)
Build info: version: '4.6.0', revision: '79f1c02ae20'
System info: os.name: 'Windows 10', os.arch: 'amd64', os.version: '10.0', java.version: '18.0.1.1'
Driver info: org.openqa.selenium.chrome.ChromeDriver
Command: [0dbc7d7aceca7fcafc6354585b5f19bc, get {url=https://classic.crmpro.com/index.html}]
Capabilities {acceptInsecureCerts: false, browserName: chrome, browserVersion: 108.0.5359.125, chrome: {chromedriverVersion: 108.0.5359.71 (1e0e3868ee06..., userDataDir: C:\Users\user\AppData\Local...}, goog:chromeOptions: {debuggerAddress: localhost:50555}, networkConnectionEnabled: false, pageLoadStrategy: normal, platformName: WINDOWS, proxy: Proxy(), se:cdp: ws://localhost:50555/devtoo..., se:cdpVersion: 108.0.5359.125, setWindowRect: true, strictFileInteractability: false, timeouts: {implicit: 0, pageLoad: 300000, script: 30000}, unhandledPromptBehavior: dismiss and notify, webauthn:extension:credBlob: true, webauthn:extension:largeBlob: true, webauthn:virtualAuthenticators: true}
Session ID: 0dbc7d7aceca7fcafc6354585b5f19bc
at org.openqa.selenium.remote.codec.w3c.W3CHttpResponseCodec.createException(W3CHttpResponseCodec.java:200)
at org.openqa.selenium.remote.codec.w3c.W3CHttpResponseCodec.decode(W3CHttpResponseCodec.java:133)
at org.openqa.selenium.remote.codec.w3c.W3CHttpResponseCodec.decode(W3CHttpResponseCodec.java:53)
at org.openqa.selenium.remote.HttpCommandExecutor.execute(HttpCommandExecutor.java:184)
at org.openqa.selenium.remote.service.DriverCommandExecutor.invokeExecute(DriverCommandExecutor.java:167)
at org.openqa.selenium.remote.service.DriverCommandExecutor.execute(DriverCommandExecutor.java:142)
at org.openqa.selenium.remote.RemoteWebDriver.execute(RemoteWebDriver.java:541)
at org.openqa.selenium.remote.RemoteWebDriver.get(RemoteWebDriver.java:310)
at crm.base.baseClass.browserInitialization(baseClass.java:62)
at tasecases.homePageTest.setUp(homePageTest.java:27)
at java.base/java.util.ArrayList.forEach(ArrayList.java:1511)
... Removed 32 stack frames]]>
    </failure>
  </testcase> <!-- @BeforeMethod setUp -->
  <testcase classname="tasecases.homePageTest" name="@AfterMethod tearDown" time="-1.67268460411E9">
    <skipped/>
  </testcase> <!-- @AfterMethod tearDown -->
  <testcase classname="tasecases.homePageTest" name="@BeforeMethod setUp" time="-1.672684604111E9">
    <skipped/>
  </testcase> <!-- @BeforeMethod setUp -->
  <testcase classname="tasecases.homePageTest" name="@AfterMethod tearDown" time="-1.672684604113E9">
    <skipped/>
  </testcase> <!-- @AfterMethod tearDown -->
  <testcase classname="tasecases.homePageTest" name="@BeforeMethod setUp" time="-1.672684604114E9">
    <skipped/>
  </testcase> <!-- @BeforeMethod setUp -->
  <testcase classname="tasecases.homePageTest" name="@AfterMethod tearDown" time="-1.672684604118E9">
    <skipped/>
  </testcase> <!-- @AfterMethod tearDown -->
  <testcase classname="tasecases.dealsPageTest" name="@BeforeMethod setUp" time="22.583">
    <failure type="org.openqa.selenium.TimeoutException" message="timeout: Timed out receiving message from renderer: 16.259
  (Session info: chrome=108.0.5359.125)
Build info: version: &amp;apos;4.6.0&amp;apos;, revision: &amp;apos;79f1c02ae20&amp;apos;
System info: os.name: &amp;apos;Windows 10&amp;apos;, os.arch: &amp;apos;amd64&amp;apos;, os.version: &amp;apos;10.0&amp;apos;, java.version: &amp;apos;18.0.1.1&amp;apos;
Driver info: org.openqa.selenium.chrome.ChromeDriver
Command: [d74393ed9e3e33b918c3d812b57238e6, get {url=https://classic.crmpro.com/index.html}]
Capabilities {acceptInsecureCerts: false, browserName: chrome, browserVersion: 108.0.5359.125, chrome: {chromedriverVersion: 108.0.5359.71 (1e0e3868ee06..., userDataDir: C:\Users\user\AppData\Local...}, goog:chromeOptions: {debuggerAddress: localhost:50616}, networkConnectionEnabled: false, pageLoadStrategy: normal, platformName: WINDOWS, proxy: Proxy(), se:cdp: ws://localhost:50616/devtoo..., se:cdpVersion: 108.0.5359.125, setWindowRect: true, strictFileInteractability: false, timeouts: {implicit: 0, pageLoad: 300000, script: 30000}, unhandledPromptBehavior: dismiss and notify, webauthn:extension:credBlob: true, webauthn:extension:largeBlob: true, webauthn:virtualAuthenticators: true}
Session ID: d74393ed9e3e33b918c3d812b57238e6">
      <![CDATA[org.openqa.selenium.TimeoutException: timeout: Timed out receiving message from renderer: 16.259
  (Session info: chrome=108.0.5359.125)
Build info: version: '4.6.0', revision: '79f1c02ae20'
System info: os.name: 'Windows 10', os.arch: 'amd64', os.version: '10.0', java.version: '18.0.1.1'
Driver info: org.openqa.selenium.chrome.ChromeDriver
Command: [d74393ed9e3e33b918c3d812b57238e6, get {url=https://classic.crmpro.com/index.html}]
Capabilities {acceptInsecureCerts: false, browserName: chrome, browserVersion: 108.0.5359.125, chrome: {chromedriverVersion: 108.0.5359.71 (1e0e3868ee06..., userDataDir: C:\Users\user\AppData\Local...}, goog:chromeOptions: {debuggerAddress: localhost:50616}, networkConnectionEnabled: false, pageLoadStrategy: normal, platformName: WINDOWS, proxy: Proxy(), se:cdp: ws://localhost:50616/devtoo..., se:cdpVersion: 108.0.5359.125, setWindowRect: true, strictFileInteractability: false, timeouts: {implicit: 0, pageLoad: 300000, script: 30000}, unhandledPromptBehavior: dismiss and notify, webauthn:extension:credBlob: true, webauthn:extension:largeBlob: true, webauthn:virtualAuthenticators: true}
Session ID: d74393ed9e3e33b918c3d812b57238e6
at org.openqa.selenium.remote.codec.w3c.W3CHttpResponseCodec.createException(W3CHttpResponseCodec.java:200)
at org.openqa.selenium.remote.codec.w3c.W3CHttpResponseCodec.decode(W3CHttpResponseCodec.java:133)
at org.openqa.selenium.remote.codec.w3c.W3CHttpResponseCodec.decode(W3CHttpResponseCodec.java:53)
at org.openqa.selenium.remote.HttpCommandExecutor.execute(HttpCommandExecutor.java:184)
at org.openqa.selenium.remote.service.DriverCommandExecutor.invokeExecute(DriverCommandExecutor.java:167)
at org.openqa.selenium.remote.service.DriverCommandExecutor.execute(DriverCommandExecutor.java:142)
at org.openqa.selenium.remote.RemoteWebDriver.execute(RemoteWebDriver.java:541)
at org.openqa.selenium.remote.RemoteWebDriver.get(RemoteWebDriver.java:310)
at crm.base.baseClass.browserInitialization(baseClass.java:62)
at tasecases.dealsPageTest.setUp(dealsPageTest.java:27)
at java.base/java.util.ArrayList.forEach(ArrayList.java:1511)
... Removed 32 stack frames]]>
    </failure>
  </testcase> <!-- @BeforeMethod setUp -->
  <testcase classname="tasecases.dealsPageTest" name="@AfterMethod logOut" time="-1.672684626708E9">
    <skipped/>
  </testcase> <!-- @AfterMethod logOut -->
  <testcase classname="tasecases.dealsPageTest" name="@BeforeMethod setUp" time="-1.672684626715E9">
    <skipped/>
  </testcase> <!-- @BeforeMethod setUp -->
  <testcase classname="tasecases.dealsPageTest" name="@AfterMethod logOut" time="-1.672684626719E9">
    <skipped/>
  </testcase> <!-- @AfterMethod logOut -->
  <testcase classname="tasecases.dealsPageTest" name="@BeforeMethod setUp" time="-1.67268462672E9">
    <skipped/>
  </testcase> <!-- @BeforeMethod setUp -->
  <testcase classname="tasecases.dealsPageTest" name="@AfterMethod logOut" time="-1.672684626722E9">
    <skipped/>
  </testcase> <!-- @AfterMethod logOut -->
  <testcase classname="tasecases.dealsPageTest" name="@AfterClass tearDown" time="-1.672684626722E9">
    <skipped/>
  </testcase> <!-- @AfterClass tearDown -->
  <testcase classname="tasecases.callPageTest" name="@BeforeMethod tearUp" time="25.379">
    <failure type="org.openqa.selenium.TimeoutException" message="timeout: Timed out receiving message from renderer: -0.000
  (Session info: chrome=108.0.5359.125)
Build info: version: &amp;apos;4.6.0&amp;apos;, revision: &amp;apos;79f1c02ae20&amp;apos;
System info: os.name: &amp;apos;Windows 10&amp;apos;, os.arch: &amp;apos;amd64&amp;apos;, os.version: &amp;apos;10.0&amp;apos;, java.version: &amp;apos;18.0.1.1&amp;apos;
Driver info: org.openqa.selenium.chrome.ChromeDriver
Command: [ba65d689d616a84bfeea40ce32d8657d, get {url=https://classic.crmpro.com/index.html}]
Capabilities {acceptInsecureCerts: false, browserName: chrome, browserVersion: 108.0.5359.125, chrome: {chromedriverVersion: 108.0.5359.71 (1e0e3868ee06..., userDataDir: C:\Users\user\AppData\Local...}, goog:chromeOptions: {debuggerAddress: localhost:50689}, networkConnectionEnabled: false, pageLoadStrategy: normal, platformName: WINDOWS, proxy: Proxy(), se:cdp: ws://localhost:50689/devtoo..., se:cdpVersion: 108.0.5359.125, setWindowRect: true, strictFileInteractability: false, timeouts: {implicit: 0, pageLoad: 300000, script: 30000}, unhandledPromptBehavior: dismiss and notify, webauthn:extension:credBlob: true, webauthn:extension:largeBlob: true, webauthn:virtualAuthenticators: true}
Session ID: ba65d689d616a84bfeea40ce32d8657d">
      <![CDATA[org.openqa.selenium.TimeoutException: timeout: Timed out receiving message from renderer: -0.000
  (Session info: chrome=108.0.5359.125)
Build info: version: '4.6.0', revision: '79f1c02ae20'
System info: os.name: 'Windows 10', os.arch: 'amd64', os.version: '10.0', java.version: '18.0.1.1'
Driver info: org.openqa.selenium.chrome.ChromeDriver
Command: [ba65d689d616a84bfeea40ce32d8657d, get {url=https://classic.crmpro.com/index.html}]
Capabilities {acceptInsecureCerts: false, browserName: chrome, browserVersion: 108.0.5359.125, chrome: {chromedriverVersion: 108.0.5359.71 (1e0e3868ee06..., userDataDir: C:\Users\user\AppData\Local...}, goog:chromeOptions: {debuggerAddress: localhost:50689}, networkConnectionEnabled: false, pageLoadStrategy: normal, platformName: WINDOWS, proxy: Proxy(), se:cdp: ws://localhost:50689/devtoo..., se:cdpVersion: 108.0.5359.125, setWindowRect: true, strictFileInteractability: false, timeouts: {implicit: 0, pageLoad: 300000, script: 30000}, unhandledPromptBehavior: dismiss and notify, webauthn:extension:credBlob: true, webauthn:extension:largeBlob: true, webauthn:virtualAuthenticators: true}
Session ID: ba65d689d616a84bfeea40ce32d8657d
at org.openqa.selenium.remote.codec.w3c.W3CHttpResponseCodec.createException(W3CHttpResponseCodec.java:200)
at org.openqa.selenium.remote.codec.w3c.W3CHttpResponseCodec.decode(W3CHttpResponseCodec.java:133)
at org.openqa.selenium.remote.codec.w3c.W3CHttpResponseCodec.decode(W3CHttpResponseCodec.java:53)
at org.openqa.selenium.remote.HttpCommandExecutor.execute(HttpCommandExecutor.java:184)
at org.openqa.selenium.remote.service.DriverCommandExecutor.invokeExecute(DriverCommandExecutor.java:167)
at org.openqa.selenium.remote.service.DriverCommandExecutor.execute(DriverCommandExecutor.java:142)
at org.openqa.selenium.remote.RemoteWebDriver.execute(RemoteWebDriver.java:541)
at org.openqa.selenium.remote.RemoteWebDriver.get(RemoteWebDriver.java:310)
at crm.base.baseClass.browserInitialization(baseClass.java:62)
at tasecases.callPageTest.tearUp(callPageTest.java:28)
at java.base/java.util.ArrayList.forEach(ArrayList.java:1511)
... Removed 32 stack frames]]>
    </failure>
  </testcase> <!-- @BeforeMethod tearUp -->
  <testcase classname="tasecases.callPageTest" name="@AfterMethod logOut" time="-1.672684652106E9">
    <skipped/>
  </testcase> <!-- @AfterMethod logOut -->
  <testcase classname="tasecases.callPageTest" name="@BeforeMethod tearUp" time="-1.672684652107E9">
    <skipped/>
  </testcase> <!-- @BeforeMethod tearUp -->
  <testcase classname="tasecases.callPageTest" name="@AfterMethod logOut" time="-1.672684652109E9">
    <skipped/>
  </testcase> <!-- @AfterMethod logOut -->
  <testcase classname="tasecases.callPageTest" name="@BeforeMethod tearUp" time="-1.672684652245E9">
    <skipped/>
  </testcase> <!-- @BeforeMethod tearUp -->
  <testcase classname="tasecases.callPageTest" name="@AfterMethod logOut" time="-1.672684652248E9">
    <skipped/>
  </testcase> <!-- @AfterMethod logOut -->
  <testcase classname="tasecases.callPageTest" name="@BeforeMethod tearUp" time="-1.672684652248E9">
    <skipped/>
  </testcase> <!-- @BeforeMethod tearUp -->
  <testcase classname="tasecases.callPageTest" name="@AfterMethod logOut" time="-1.672684652251E9">
    <skipped/>
  </testcase> <!-- @AfterMethod logOut -->
  <testcase classname="tasecases.callPageTest" name="@BeforeMethod tearUp" time="-1.672684652251E9">
    <skipped/>
  </testcase> <!-- @BeforeMethod tearUp -->
  <testcase classname="tasecases.callPageTest" name="@AfterMethod logOut" time="-1.672684652254E9">
    <skipped/>
  </testcase> <!-- @AfterMethod logOut -->
  <testcase classname="tasecases.callPageTest" name="@AfterClass tearDown" time="-1.672684652254E9">
    <skipped/>
  </testcase> <!-- @AfterClass tearDown -->
  <testcase classname="tasecases.contactsPageTest" name="verifyTitleOfContactPageTest" time="3.904"/>
  <testcase classname="tasecases.contactsPageTest" name="verifyContactsPageLabelTest" time="0.0">
    <skipped/>
  </testcase> <!-- verifyContactsPageLabelTest -->
  <testcase classname="tasecases.contactsPageTest" name="selectContextTest" time="0.0">
    <skipped/>
  </testcase> <!-- selectContextTest -->
  <testcase classname="tasecases.contactsPageTest" name="selectMultipleContactTest" time="0.0">
    <skipped/>
  </testcase> <!-- selectMultipleContactTest -->
  <testcase classname="tasecases.contactsPageTest" name="validateCreateNewContact" time="0.0">
    <skipped/>
  </testcase> <!-- validateCreateNewContact -->
  <testcase classname="tasecases.contactsPageTest" name="validateCreateNewContact" time="0.0">
    <skipped/>
  </testcase> <!-- validateCreateNewContact -->
  <testcase classname="tasecases.contactsPageTest" name="validateCreateNewContact" time="0.0">
    <skipped/>
  </testcase> <!-- validateCreateNewContact -->
  <testcase classname="tasecases.contactsPageTest" name="validateCreateNewContact" time="0.0">
    <skipped/>
  </testcase> <!-- validateCreateNewContact -->
  <testcase classname="tasecases.loginPageTest" name="verifyloginPageTitleTest" time="0.0">
    <skipped/>
  </testcase> <!-- verifyloginPageTitleTest -->
  <testcase classname="tasecases.loginPageTest" name="crmLogoTest" time="0.0">
    <skipped/>
  </testcase> <!-- crmLogoTest -->
  <testcase classname="tasecases.loginPageTest" name="verifyloginTest" time="0.0">
    <skipped/>
  </testcase> <!-- verifyloginTest -->
  <testcase classname="tasecases.calenderPageTest" name="validateDateSelection" time="0.0">
    <skipped/>
  </testcase> <!-- validateDateSelection -->
  <testcase classname="tasecases.homePageTest" name="verifyContactsLinkTest" time="0.0">
    <skipped/>
  </testcase> <!-- verifyContactsLinkTest -->
  <testcase classname="tasecases.homePageTest" name="verifyHomepageTitleTest" time="0.0">
    <skipped/>
  </testcase> <!-- verifyHomepageTitleTest -->
  <testcase classname="tasecases.homePageTest" name="verifyuserLabelTest" time="0.0">
    <skipped/>
  </testcase> <!-- verifyuserLabelTest -->
  <testcase classname="tasecases.dealsPageTest" name="verifyLabelOfdealsPage" time="0.0">
    <skipped/>
  </testcase> <!-- verifyLabelOfdealsPage -->
  <testcase classname="tasecases.dealsPageTest" name="verifyTextMessageOfTypeHelPTest" time="0.0">
    <skipped/>
  </testcase> <!-- verifyTextMessageOfTypeHelPTest -->
  <testcase classname="tasecases.dealsPageTest" name="verifyTitleofdealPageTest" time="0.0">
    <skipped/>
  </testcase> <!-- verifyTitleofdealPageTest -->
  <testcase classname="tasecases.callPageTest" name="verifyLabelOnCallPage" time="0.0">
    <skipped/>
  </testcase> <!-- verifyLabelOnCallPage -->
  <testcase classname="tasecases.callPageTest" name="verifyTitleOfCallPage" time="0.0">
    <skipped/>
  </testcase> <!-- verifyTitleOfCallPage -->
  <testcase classname="tasecases.callPageTest" name="verifyaddedInformation" time="0.0">
    <skipped/>
  </testcase> <!-- verifyaddedInformation -->
  <testcase classname="tasecases.callPageTest" name="verifyaddedInformation" time="0.0">
    <skipped/>
  </testcase> <!-- verifyaddedInformation -->
  <testcase classname="tasecases.callPageTest" name="verifyaddedInformation" time="0.0">
    <skipped/>
  </testcase> <!-- verifyaddedInformation -->
</testsuite> <!-- crmproTest -->
